<?xml version="1.0" encoding="UTF-8"?>
<coverage generated="1781752336796" clover="3.2.0">
  <project timestamp="1781752336797" name="All files">
    <metrics statements="71" coveredstatements="71" conditionals="59" coveredconditionals="58" methods="12" coveredmethods="12" elements="142" coveredelements="141" complexity="0" loc="71" ncloc="71" packages="2" files="3" classes="3"/>
    <package name="src">
      <metrics statements="3" coveredstatements="3" conditionals="0" coveredconditionals="0" methods="0" coveredmethods="0"/>
      <file name="index.ts" path="/home/ekwe/grantfox/Disciplr-Frontend/design-system/src/index.ts">
        <metrics statements="3" coveredstatements="3" conditionals="0" coveredconditionals="0" methods="0" coveredmethods="0"/>
        <line num="6" count="1" type="stmt"/>
        <line num="7" count="1" type="stmt"/>
        <line num="8" count="1" type="stmt"/>
      </file>
    </package>
    <package name="src.utils">
      <metrics statements="68" coveredstatements="68" conditionals="59" coveredconditionals="58" methods="12" coveredmethods="12"/>
      <file name="token-loader.ts" path="/home/ekwe/grantfox/Disciplr-Frontend/design-system/src/utils/token-loader.ts">
        <metrics statements="15" coveredstatements="15" conditionals="0" coveredconditionals="0" methods="3" coveredmethods="3"/>
        <line num="6" count="3" type="stmt"/>
        <line num="7" count="3" type="stmt"/>
        <line num="9" count="3" type="stmt"/>
        <line num="10" count="29" type="stmt"/>
        <line num="11" count="29" type="stmt"/>
        <line num="12" count="27" type="stmt"/>
        <line num="15" count="3" type="stmt"/>
        <line num="16" count="4" type="stmt"/>
        <line num="17" count="4" type="stmt"/>
        <line num="19" count="4" type="stmt"/>
        <line num="20" count="24" type="stmt"/>
        <line num="21" count="24" type="stmt"/>
        <line num="22" count="22" type="stmt"/>
        <line num="24" count="2" type="stmt"/>
        <line num="28" count="4" type="stmt"/>
      </file>
      <file name="validators.ts" path="/home/ekwe/grantfox/Disciplr-Frontend/design-system/src/utils/validators.ts">
        <metrics statements="53" coveredstatements="53" conditionals="59" coveredconditionals="58" methods="9" coveredmethods="9"/>
        <line num="5" count="1" type="stmt"/>
        <line num="6" count="230" type="stmt"/>
        <line num="9" count="1" type="stmt"/>
        <line num="10" count="8" type="stmt"/>
        <line num="13" count="1" type="stmt"/>
        <line num="14" count="7" type="stmt"/>
        <line num="17" count="1" type="stmt"/>
        <line num="18" count="1" type="stmt"/>
        <line num="21" count="1" type="stmt"/>
        <line num="22" count="1" type="stmt"/>
        <line num="23" count="7" type="stmt"/>
        <line num="25" count="1" type="stmt"/>
        <line num="26" count="229" type="cond" truecount="3" falsecount="0"/>
        <line num="29" count="1" type="stmt"/>
        <line num="30" count="163" type="cond" truecount="3" falsecount="0"/>
        <line num="31" count="158" type="cond" truecount="1" falsecount="0"/>
        <line num="32" count="157" type="cond" truecount="3" falsecount="0"/>
        <line num="35" count="155" type="cond" truecount="1" falsecount="0"/>
        <line num="36" count="28" type="stmt"/>
        <line num="37" count="28" type="cond" truecount="1" falsecount="0"/>
        <line num="38" count="27" type="cond" truecount="4" falsecount="0"/>
        <line num="39" count="26" type="cond" truecount="3" falsecount="0"/>
        <line num="40" count="25" type="cond" truecount="1" falsecount="0"/>
        <line num="41" count="25" type="stmt"/>
        <line num="42" count="25" type="cond" truecount="1" falsecount="0"/>
        <line num="43" count="24" type="cond" truecount="3" falsecount="0"/>
        <line num="44" count="23" type="cond" truecount="3" falsecount="0"/>
        <line num="45" count="22" type="cond" truecount="3" falsecount="0"/>
        <line num="48" count="148" type="stmt"/>
        <line num="51" count="1" type="stmt"/>
        <line num="52" count="13" type="cond" truecount="3" falsecount="0"/>
        <line num="55" count="11" type="stmt"/>
        <line num="56" count="11" type="stmt"/>
        <line num="57" count="51" type="stmt"/>
        <line num="58" count="51" type="cond" truecount="3" falsecount="0"/>
        <line num="59" count="49" type="cond" truecount="3" falsecount="0"/>
        <line num="63" count="8" type="stmt"/>
        <line num="64" count="8" type="cond" truecount="3" falsecount="0"/>
        <line num="65" count="7" type="stmt"/>
        <line num="66" count="7" type="cond" truecount="1" falsecount="0"/>
        <line num="67" count="6" type="stmt"/>
        <line num="68" count="22" type="stmt"/>
        <line num="69" count="22" type="cond" truecount="3" falsecount="0"/>
        <line num="70" count="21" type="cond" truecount="3" falsecount="0"/>
        <line num="74" count="4" type="stmt"/>
        <line num="75" count="4" type="cond" truecount="2" falsecount="1"/>
        <line num="76" count="4" type="stmt"/>
        <line num="77" count="4" type="cond" truecount="1" falsecount="0"/>
        <line num="78" count="3" type="stmt"/>
        <line num="79" count="7" type="stmt"/>
        <line num="80" count="7" type="cond" truecount="3" falsecount="0"/>
        <line num="81" count="6" type="cond" truecount="3" falsecount="0"/>
        <line num="84" count="1" type="stmt"/>
      </file>
    </package>
  </project>
</coverage>
