{"/home/ekwe/grantfox/Disciplr-Frontend/design-system/src/index.ts": {"path":"/home/ekwe/grantfox/Disciplr-Frontend/design-system/src/index.ts","statementMap":{"0":{"start":{"line":6,"column":0},"end":{"line":6,"column":31}},"1":{"start":{"line":7,"column":0},"end":{"line":7,"column":37}},"2":{"start":{"line":8,"column":0},"end":{"line":8,"column":35}}},"fnMap":{},"branchMap":{},"s":{"0":1,"1":1,"2":1},"f":{},"b":{}}
,"/home/ekwe/grantfox/Disciplr-Frontend/design-system/src/utils/token-loader.ts": {"path":"/home/ekwe/grantfox/Disciplr-Frontend/design-system/src/utils/token-loader.ts","statementMap":{"0":{"start":{"line":9,"column":0},"end":{"line":9,"column":16}},"1":{"start":{"line":15,"column":0},"end":{"line":15,"column":16}},"2":{"start":{"line":6,"column":0},"end":{"line":6,"column":25}},"3":{"start":{"line":7,"column":0},"end":{"line":7,"column":29}},"4":{"start":{"line":10,"column":20},"end":{"line":10,"column":65}},"5":{"start":{"line":11,"column":20},"end":{"line":11,"column":55}},"6":{"start":{"line":12,"column":2},"end":{"line":12,"column":47}},"7":{"start":{"line":16,"column":21},"end":{"line":16,"column":118}},"8":{"start":{"line":17,"column":34},"end":{"line":17,"column":36}},"9":{"start":{"line":19,"column":2},"end":{"line":26,"column":5}},"10":{"start":{"line":20,"column":4},"end":{"line":25,"column":5}},"11":{"start":{"line":21,"column":21},"end":{"line":21,"column":37}},"12":{"start":{"line":22,"column":6},"end":{"line":22,"column":39}},"13":{"start":{"line":24,"column":6},"end":{"line":24,"column":53}},"14":{"start":{"line":28,"column":2},"end":{"line":28,"column":19}}},"fnMap":{"0":{"name":"loadTokens","decl":{"start":{"line":9,"column":16},"end":{"line":9,"column":26}},"loc":{"start":{"line":9,"column":44},"end":{"line":13,"column":1}}},"1":{"name":"getAllTokens","decl":{"start":{"line":15,"column":16},"end":{"line":15,"column":28}},"loc":{"start":{"line":15,"column":28},"end":{"line":29,"column":1}}},"2":{"name":"(anonymous_11)","decl":{"start":{"line":19,"column":21},"end":{"line":19,"column":25}},"loc":{"start":{"line":19,"column":28},"end":{"line":26,"column":3}}}},"branchMap":{},"s":{"0":3,"1":3,"2":3,"3":3,"4":29,"5":29,"6":27,"7":4,"8":4,"9":4,"10":24,"11":24,"12":22,"13":2,"14":4},"f":{"0":29,"1":4,"2":24},"b":{}}
,"/home/ekwe/grantfox/Disciplr-Frontend/design-system/src/utils/validators.ts": {"path":"/home/ekwe/grantfox/Disciplr-Frontend/design-system/src/utils/validators.ts","statementMap":{"0":{"start":{"line":5,"column":0},"end":{"line":5,"column":16}},"1":{"start":{"line":9,"column":0},"end":{"line":9,"column":16}},"2":{"start":{"line":13,"column":0},"end":{"line":13,"column":16}},"3":{"start":{"line":17,"column":0},"end":{"line":17,"column":16}},"4":{"start":{"line":21,"column":0},"end":{"line":21,"column":16}},"5":{"start":{"line":25,"column":0},"end":{"line":25,"column":16}},"6":{"start":{"line":29,"column":0},"end":{"line":29,"column":16}},"7":{"start":{"line":51,"column":0},"end":{"line":51,"column":16}},"8":{"start":{"line":6,"column":2},"end":{"line":6,"column":39}},"9":{"start":{"line":10,"column":2},"end":{"line":10,"column":50}},"10":{"start":{"line":14,"column":2},"end":{"line":14,"column":52}},"11":{"start":{"line":18,"column":2},"end":{"line":18,"column":51}},"12":{"start":{"line":22,"column":24},"end":{"line":22,"column":98}},"13":{"start":{"line":23,"column":2},"end":{"line":23,"column":74}},"14":{"start":{"line":23,"column":38},"end":{"line":23,"column":72}},"15":{"start":{"line":26,"column":2},"end":{"line":26,"column":84}},"16":{"start":{"line":30,"column":2},"end":{"line":30,"column":56}},"17":{"start":{"line":30,"column":43},"end":{"line":30,"column":56}},"18":{"start":{"line":31,"column":2},"end":{"line":31,"column":44}},"19":{"start":{"line":31,"column":31},"end":{"line":31,"column":44}},"20":{"start":{"line":32,"column":2},"end":{"line":32,"column":90}},"21":{"start":{"line":32,"column":77},"end":{"line":32,"column":90}},"22":{"start":{"line":35,"column":2},"end":{"line":47,"column":3}},"23":{"start":{"line":36,"column":16},"end":{"line":36,"column":35}},"24":{"start":{"line":37,"column":4},"end":{"line":37,"column":46}},"25":{"start":{"line":37,"column":33},"end":{"line":37,"column":46}},"26":{"start":{"line":38,"column":4},"end":{"line":38,"column":103}},"27":{"start":{"line":38,"column":90},"end":{"line":38,"column":103}},"28":{"start":{"line":39,"column":4},"end":{"line":39,"column":98}},"29":{"start":{"line":39,"column":85},"end":{"line":39,"column":98}},"30":{"start":{"line":40,"column":4},"end":{"line":46,"column":5}},"31":{"start":{"line":41,"column":18},"end":{"line":41,"column":42}},"32":{"start":{"line":42,"column":6},"end":{"line":42,"column":48}},"33":{"start":{"line":42,"column":35},"end":{"line":42,"column":48}},"34":{"start":{"line":43,"column":6},"end":{"line":43,"column":78}},"35":{"start":{"line":43,"column":65},"end":{"line":43,"column":78}},"36":{"start":{"line":44,"column":6},"end":{"line":44,"column":82}},"37":{"start":{"line":44,"column":69},"end":{"line":44,"column":82}},"38":{"start":{"line":45,"column":6},"end":{"line":45,"column":78}},"39":{"start":{"line":45,"column":65},"end":{"line":45,"column":78}},"40":{"start":{"line":48,"column":2},"end":{"line":48,"column":14}},"41":{"start":{"line":52,"column":2},"end":{"line":52,"column":56}},"42":{"start":{"line":52,"column":43},"end":{"line":52,"column":56}},"43":{"start":{"line":55,"column":22},"end":{"line":55,"column":99}},"44":{"start":{"line":56,"column":2},"end":{"line":60,"column":3}},"45":{"start":{"line":57,"column":23},"end":{"line":57,"column":33}},"46":{"start":{"line":58,"column":4},"end":{"line":58,"column":68}},"47":{"start":{"line":58,"column":55},"end":{"line":58,"column":68}},"48":{"start":{"line":59,"column":4},"end":{"line":59,"column":98}},"49":{"start":{"line":59,"column":85},"end":{"line":59,"column":98}},"50":{"start":{"line":63,"column":22},"end":{"line":63,"column":39}},"51":{"start":{"line":64,"column":2},"end":{"line":64,"column":68}},"52":{"start":{"line":64,"column":55},"end":{"line":64,"column":68}},"53":{"start":{"line":65,"column":19},"end":{"line":65,"column":43}},"54":{"start":{"line":66,"column":2},"end":{"line":66,"column":40}},"55":{"start":{"line":66,"column":27},"end":{"line":66,"column":40}},"56":{"start":{"line":67,"column":2},"end":{"line":71,"column":3}},"57":{"start":{"line":68,"column":23},"end":{"line":68,"column":40}},"58":{"start":{"line":69,"column":4},"end":{"line":69,"column":68}},"59":{"start":{"line":69,"column":55},"end":{"line":69,"column":68}},"60":{"start":{"line":70,"column":4},"end":{"line":70,"column":98}},"61":{"start":{"line":70,"column":85},"end":{"line":70,"column":98}},"62":{"start":{"line":74,"column":21},"end":{"line":74,"column":37}},"63":{"start":{"line":75,"column":2},"end":{"line":75,"column":66}},"64":{"start":{"line":75,"column":53},"end":{"line":75,"column":66}},"65":{"start":{"line":76,"column":19},"end":{"line":76,"column":42}},"66":{"start":{"line":77,"column":2},"end":{"line":77,"column":40}},"67":{"start":{"line":77,"column":27},"end":{"line":77,"column":40}},"68":{"start":{"line":78,"column":2},"end":{"line":82,"column":3}},"69":{"start":{"line":79,"column":23},"end":{"line":79,"column":39}},"70":{"start":{"line":80,"column":4},"end":{"line":80,"column":68}},"71":{"start":{"line":80,"column":55},"end":{"line":80,"column":68}},"72":{"start":{"line":81,"column":4},"end":{"line":81,"column":98}},"73":{"start":{"line":81,"column":85},"end":{"line":81,"column":98}},"74":{"start":{"line":84,"column":2},"end":{"line":84,"column":14}}},"fnMap":{"0":{"name":"isValidHexColor","decl":{"start":{"line":5,"column":16},"end":{"line":5,"column":31}},"loc":{"start":{"line":5,"column":45},"end":{"line":7,"column":1}}},"1":{"name":"isValidRgbColor","decl":{"start":{"line":9,"column":16},"end":{"line":9,"column":31}},"loc":{"start":{"line":9,"column":45},"end":{"line":11,"column":1}}},"2":{"name":"isValidHslColor","decl":{"start":{"line":13,"column":16},"end":{"line":13,"column":31}},"loc":{"start":{"line":13,"column":45},"end":{"line":15,"column":1}}},"3":{"name":"isKebabCase","decl":{"start":{"line":17,"column":16},"end":{"line":17,"column":27}},"loc":{"start":{"line":17,"column":39},"end":{"line":19,"column":1}}},"4":{"name":"hasValidTokenPrefix","decl":{"start":{"line":21,"column":16},"end":{"line":21,"column":35}},"loc":{"start":{"line":21,"column":53},"end":{"line":24,"column":1}}},"5":{"name":"(anonymous_5)","decl":{"start":{"line":23,"column":28},"end":{"line":23,"column":34}},"loc":{"start":{"line":23,"column":38},"end":{"line":23,"column":72}}},"6":{"name":"isValidColorString","decl":{"start":{"line":25,"column":16},"end":{"line":25,"column":34}},"loc":{"start":{"line":25,"column":48},"end":{"line":27,"column":1}}},"7":{"name":"isValidColorToken","decl":{"start":{"line":29,"column":16},"end":{"line":29,"column":33}},"loc":{"start":{"line":29,"column":44},"end":{"line":49,"column":1}}},"8":{"name":"isValidChartTokens","decl":{"start":{"line":51,"column":16},"end":{"line":51,"column":34}},"loc":{"start":{"line":51,"column":45},"end":{"line":85,"column":1}}}},"branchMap":{"0":{"loc":{"start":{"line":26,"column":9},"end":{"line":26,"column":83}},"type":"binary-expr","locations":[{"start":{"line":26,"column":9},"end":{"line":26,"column":31}},{"start":{"line":26,"column":35},"end":{"line":26,"column":57}},{"start":{"line":26,"column":61},"end":{"line":26,"column":83}}]},"1":{"loc":{"start":{"line":30,"column":2},"end":{"line":30,"column":56}},"type":"if","locations":[{"start":{"line":30,"column":2},"end":{"line":30,"column":56}}]},"2":{"loc":{"start":{"line":30,"column":6},"end":{"line":30,"column":41}},"type":"binary-expr","locations":[{"start":{"line":30,"column":6},"end":{"line":30,"column":12}},{"start":{"line":30,"column":16},"end":{"line":30,"column":41}}]},"3":{"loc":{"start":{"line":31,"column":2},"end":{"line":31,"column":44}},"type":"if","locations":[{"start":{"line":31,"column":2},"end":{"line":31,"column":44}}]},"4":{"loc":{"start":{"line":32,"column":2},"end":{"line":32,"column":90}},"type":"if","locations":[{"start":{"line":32,"column":2},"end":{"line":32,"column":90}}]},"5":{"loc":{"start":{"line":32,"column":6},"end":{"line":32,"column":75}},"type":"binary-expr","locations":[{"start":{"line":32,"column":6},"end":{"line":32,"column":38}},{"start":{"line":32,"column":42},"end":{"line":32,"column":75}}]},"6":{"loc":{"start":{"line":35,"column":2},"end":{"line":47,"column":3}},"type":"if","locations":[{"start":{"line":35,"column":2},"end":{"line":47,"column":3}}]},"7":{"loc":{"start":{"line":37,"column":4},"end":{"line":37,"column":46}},"type":"if","locations":[{"start":{"line":37,"column":4},"end":{"line":37,"column":46}}]},"8":{"loc":{"start":{"line":38,"column":4},"end":{"line":38,"column":103}},"type":"if","locations":[{"start":{"line":38,"column":4},"end":{"line":38,"column":103}}]},"9":{"loc":{"start":{"line":38,"column":8},"end":{"line":38,"column":88}},"type":"binary-expr","locations":[{"start":{"line":38,"column":8},"end":{"line":38,"column":35}},{"start":{"line":38,"column":39},"end":{"line":38,"column":61}},{"start":{"line":38,"column":65},"end":{"line":38,"column":88}}]},"10":{"loc":{"start":{"line":39,"column":4},"end":{"line":39,"column":98}},"type":"if","locations":[{"start":{"line":39,"column":4},"end":{"line":39,"column":98}}]},"11":{"loc":{"start":{"line":39,"column":8},"end":{"line":39,"column":83}},"type":"binary-expr","locations":[{"start":{"line":39,"column":8},"end":{"line":39,"column":40}},{"start":{"line":39,"column":44},"end":{"line":39,"column":83}}]},"12":{"loc":{"start":{"line":40,"column":4},"end":{"line":46,"column":5}},"type":"if","locations":[{"start":{"line":40,"column":4},"end":{"line":46,"column":5}}]},"13":{"loc":{"start":{"line":42,"column":6},"end":{"line":42,"column":48}},"type":"if","locations":[{"start":{"line":42,"column":6},"end":{"line":42,"column":48}}]},"14":{"loc":{"start":{"line":43,"column":6},"end":{"line":43,"column":78}},"type":"if","locations":[{"start":{"line":43,"column":6},"end":{"line":43,"column":78}}]},"15":{"loc":{"start":{"line":43,"column":10},"end":{"line":43,"column":63}},"type":"binary-expr","locations":[{"start":{"line":43,"column":10},"end":{"line":43,"column":24}},{"start":{"line":43,"column":28},"end":{"line":43,"column":63}}]},"16":{"loc":{"start":{"line":44,"column":6},"end":{"line":44,"column":82}},"type":"if","locations":[{"start":{"line":44,"column":6},"end":{"line":44,"column":82}}]},"17":{"loc":{"start":{"line":44,"column":10},"end":{"line":44,"column":67}},"type":"binary-expr","locations":[{"start":{"line":44,"column":10},"end":{"line":44,"column":26}},{"start":{"line":44,"column":30},"end":{"line":44,"column":67}}]},"18":{"loc":{"start":{"line":45,"column":6},"end":{"line":45,"column":78}},"type":"if","locations":[{"start":{"line":45,"column":6},"end":{"line":45,"column":78}}]},"19":{"loc":{"start":{"line":45,"column":10},"end":{"line":45,"column":63}},"type":"binary-expr","locations":[{"start":{"line":45,"column":10},"end":{"line":45,"column":24}},{"start":{"line":45,"column":28},"end":{"line":45,"column":63}}]},"20":{"loc":{"start":{"line":52,"column":2},"end":{"line":52,"column":56}},"type":"if","locations":[{"start":{"line":52,"column":2},"end":{"line":52,"column":56}}]},"21":{"loc":{"start":{"line":52,"column":6},"end":{"line":52,"column":41}},"type":"binary-expr","locations":[{"start":{"line":52,"column":6},"end":{"line":52,"column":12}},{"start":{"line":52,"column":16},"end":{"line":52,"column":41}}]},"22":{"loc":{"start":{"line":58,"column":4},"end":{"line":58,"column":68}},"type":"if","locations":[{"start":{"line":58,"column":4},"end":{"line":58,"column":68}}]},"23":{"loc":{"start":{"line":58,"column":8},"end":{"line":58,"column":53}},"type":"binary-expr","locations":[{"start":{"line":58,"column":8},"end":{"line":58,"column":19}},{"start":{"line":58,"column":23},"end":{"line":58,"column":53}}]},"24":{"loc":{"start":{"line":59,"column":4},"end":{"line":59,"column":98}},"type":"if","locations":[{"start":{"line":59,"column":4},"end":{"line":59,"column":98}}]},"25":{"loc":{"start":{"line":59,"column":8},"end":{"line":59,"column":83}},"type":"binary-expr","locations":[{"start":{"line":59,"column":8},"end":{"line":59,"column":44}},{"start":{"line":59,"column":48},"end":{"line":59,"column":83}}]},"26":{"loc":{"start":{"line":64,"column":2},"end":{"line":64,"column":68}},"type":"if","locations":[{"start":{"line":64,"column":2},"end":{"line":64,"column":68}}]},"27":{"loc":{"start":{"line":64,"column":6},"end":{"line":64,"column":53}},"type":"binary-expr","locations":[{"start":{"line":64,"column":6},"end":{"line":64,"column":18}},{"start":{"line":64,"column":22},"end":{"line":64,"column":53}}]},"28":{"loc":{"start":{"line":66,"column":2},"end":{"line":66,"column":40}},"type":"if","locations":[{"start":{"line":66,"column":2},"end":{"line":66,"column":40}}]},"29":{"loc":{"start":{"line":69,"column":4},"end":{"line":69,"column":68}},"type":"if","locations":[{"start":{"line":69,"column":4},"end":{"line":69,"column":68}}]},"30":{"loc":{"start":{"line":69,"column":8},"end":{"line":69,"column":53}},"type":"binary-expr","locations":[{"start":{"line":69,"column":8},"end":{"line":69,"column":19}},{"start":{"line":69,"column":23},"end":{"line":69,"column":53}}]},"31":{"loc":{"start":{"line":70,"column":4},"end":{"line":70,"column":98}},"type":"if","locations":[{"start":{"line":70,"column":4},"end":{"line":70,"column":98}}]},"32":{"loc":{"start":{"line":70,"column":8},"end":{"line":70,"column":83}},"type":"binary-expr","locations":[{"start":{"line":70,"column":8},"end":{"line":70,"column":44}},{"start":{"line":70,"column":48},"end":{"line":70,"column":83}}]},"33":{"loc":{"start":{"line":75,"column":2},"end":{"line":75,"column":66}},"type":"if","locations":[{"start":{"line":75,"column":2},"end":{"line":75,"column":66}}]},"34":{"loc":{"start":{"line":75,"column":6},"end":{"line":75,"column":51}},"type":"binary-expr","locations":[{"start":{"line":75,"column":6},"end":{"line":75,"column":17}},{"start":{"line":75,"column":21},"end":{"line":75,"column":51}}]},"35":{"loc":{"start":{"line":77,"column":2},"end":{"line":77,"column":40}},"type":"if","locations":[{"start":{"line":77,"column":2},"end":{"line":77,"column":40}}]},"36":{"loc":{"start":{"line":80,"column":4},"end":{"line":80,"column":68}},"type":"if","locations":[{"start":{"line":80,"column":4},"end":{"line":80,"column":68}}]},"37":{"loc":{"start":{"line":80,"column":8},"end":{"line":80,"column":53}},"type":"binary-expr","locations":[{"start":{"line":80,"column":8},"end":{"line":80,"column":19}},{"start":{"line":80,"column":23},"end":{"line":80,"column":53}}]},"38":{"loc":{"start":{"line":81,"column":4},"end":{"line":81,"column":98}},"type":"if","locations":[{"start":{"line":81,"column":4},"end":{"line":81,"column":98}}]},"39":{"loc":{"start":{"line":81,"column":8},"end":{"line":81,"column":83}},"type":"binary-expr","locations":[{"start":{"line":81,"column":8},"end":{"line":81,"column":44}},{"start":{"line":81,"column":48},"end":{"line":81,"column":83}}]}},"s":{"0":1,"1":1,"2":1,"3":1,"4":1,"5":1,"6":1,"7":1,"8":230,"9":8,"10":7,"11":1,"12":1,"13":1,"14":7,"15":229,"16":163,"17":5,"18":158,"19":1,"20":157,"21":2,"22":155,"23":28,"24":28,"25":1,"26":27,"27":1,"28":26,"29":1,"30":25,"31":25,"32":25,"33":1,"34":24,"35":1,"36":23,"37":1,"38":22,"39":1,"40":148,"41":13,"42":2,"43":11,"44":11,"45":51,"46":51,"47":2,"48":49,"49":1,"50":8,"51":8,"52":1,"53":7,"54":7,"55":1,"56":6,"57":22,"58":22,"59":1,"60":21,"61":1,"62":4,"63":4,"64":0,"65":4,"66":4,"67":1,"68":3,"69":7,"70":7,"71":1,"72":6,"73":1,"74":1},"f":{"0":230,"1":8,"2":7,"3":1,"4":1,"5":7,"6":229,"7":163,"8":13},"b":{"0":[229,7,6],"1":[5],"2":[163,162],"3":[1],"4":[2],"5":[157,156],"6":[28],"7":[1],"8":[1],"9":[27,22,1],"10":[1],"11":[26,22],"12":[25],"13":[1],"14":[1],"15":[24,24],"16":[1],"17":[23,23],"18":[1],"19":[22,22],"20":[2],"21":[13,12],"22":[2],"23":[51,50],"24":[1],"25":[49,48],"26":[1],"27":[8,7],"28":[1],"29":[1],"30":[22,22],"31":[1],"32":[21,20],"33":[0],"34":[4,4],"35":[1],"36":[1],"37":[7,7],"38":[1],"39":[6,5]}}
}
