TN:
SF:src/index.ts
FNF:0
FNH:0
DA:6,1
DA:7,1
DA:8,1
LF:3
LH:3
BRF:0
BRH:0
end_of_record
TN:
SF:src/utils/token-loader.ts
FN:9,loadTokens
FN:15,getAllTokens
FN:19,(anonymous_11)
FNF:3
FNH:3
FNDA:29,loadTokens
FNDA:4,getAllTokens
FNDA:24,(anonymous_11)
DA:6,3
DA:7,3
DA:9,3
DA:10,29
DA:11,29
DA:12,27
DA:15,3
DA:16,4
DA:17,4
DA:19,4
DA:20,24
DA:21,24
DA:22,22
DA:24,2
DA:28,4
LF:15
LH:15
BRF:0
BRH:0
end_of_record
TN:
SF:src/utils/validators.ts
FN:5,isValidHexColor
FN:9,isValidRgbColor
FN:13,isValidHslColor
FN:17,isKebabCase
FN:21,hasValidTokenPrefix
FN:23,(anonymous_5)
FN:25,isValidColorString
FN:29,isValidColorToken
FN:51,isValidChartTokens
FNF:9
FNH:9
FNDA:230,isValidHexColor
FNDA:8,isValidRgbColor
FNDA:7,isValidHslColor
FNDA:1,isKebabCase
FNDA:1,hasValidTokenPrefix
FNDA:7,(anonymous_5)
FNDA:229,isValidColorString
FNDA:163,isValidColorToken
FNDA:13,isValidChartTokens
DA:5,1
DA:6,230
DA:9,1
DA:10,8
DA:13,1
DA:14,7
DA:17,1
DA:18,1
DA:21,1
DA:22,1
DA:23,7
DA:25,1
DA:26,229
DA:29,1
DA:30,163
DA:31,158
DA:32,157
DA:35,155
DA:36,28
DA:37,28
DA:38,27
DA:39,26
DA:40,25
DA:41,25
DA:42,25
DA:43,24
DA:44,23
DA:45,22
DA:48,148
DA:51,1
DA:52,13
DA:55,11
DA:56,11
DA:57,51
DA:58,51
DA:59,49
DA:63,8
DA:64,8
DA:65,7
DA:66,7
DA:67,6
DA:68,22
DA:69,22
DA:70,21
DA:74,4
DA:75,4
DA:76,4
DA:77,4
DA:78,3
DA:79,7
DA:80,7
DA:81,6
DA:84,1
LF:53
LH:53
BRDA:26,0,0,229
BRDA:26,0,1,7
BRDA:26,0,2,6
BRDA:30,1,0,5
BRDA:30,2,0,163
BRDA:30,2,1,162
BRDA:31,3,0,1
BRDA:32,4,0,2
BRDA:32,5,0,157
BRDA:32,5,1,156
BRDA:35,6,0,28
BRDA:37,7,0,1
BRDA:38,8,0,1
BRDA:38,9,0,27
BRDA:38,9,1,22
BRDA:38,9,2,1
BRDA:39,10,0,1
BRDA:39,11,0,26
BRDA:39,11,1,22
BRDA:40,12,0,25
BRDA:42,13,0,1
BRDA:43,14,0,1
BRDA:43,15,0,24
BRDA:43,15,1,24
BRDA:44,16,0,1
BRDA:44,17,0,23
BRDA:44,17,1,23
BRDA:45,18,0,1
BRDA:45,19,0,22
BRDA:45,19,1,22
BRDA:52,20,0,2
BRDA:52,21,0,13
BRDA:52,21,1,12
BRDA:58,22,0,2
BRDA:58,23,0,51
BRDA:58,23,1,50
BRDA:59,24,0,1
BRDA:59,25,0,49
BRDA:59,25,1,48
BRDA:64,26,0,1
BRDA:64,27,0,8
BRDA:64,27,1,7
BRDA:66,28,0,1
BRDA:69,29,0,1
BRDA:69,30,0,22
BRDA:69,30,1,22
BRDA:70,31,0,1
BRDA:70,32,0,21
BRDA:70,32,1,20
BRDA:75,33,0,0
BRDA:75,34,0,4
BRDA:75,34,1,4
BRDA:77,35,0,1
BRDA:80,36,0,1
BRDA:80,37,0,7
BRDA:80,37,1,7
BRDA:81,38,0,1
BRDA:81,39,0,6
BRDA:81,39,1,5
BRF:59
BRH:58
end_of_record
